# JRE version: Java(TM) SE Runtime Environment (22.0.1+8) (build 22.0.1+8-16)
# Java VM: Java HotSpot(TM) 64-Bit Server VM (22.0.1+8-16, mixed mode, sharing, tiered, compressed oops, compressed class ptrs, parallel gc, linux-amd64)
GC Precious Log:
 CardTable entry size: 512
 CPUs: 4 total, 4 available
 Memory: 23812M
 Large Page Support: Disabled
 NUMA Support: Disabled
 Compressed Oops: Enabled (Zero based)
 Alignments: Space 512K, Generation 512K, Heap 2M
 Heap Min Capacity: 100M
 Heap Initial Capacity: 100M
 Heap Max Capacity: 4G
 Pre-touch: Disabled
 Parallel Workers: 4
Heap:
 PSYoungGen      total 7168K, used 2544K [0x00000007aab00000, 0x00000007ab500000, 0x0000000800000000)
  eden space 4096K, 0% used [0x00000007aab00000,0x00000007aab00000,0x00000007aaf00000)
  from space 3072K, 82% used [0x00000007ab200000,0x00000007ab47c030,0x00000007ab500000)
  to   space 3072K, 0% used [0x00000007aaf00000,0x00000007aaf00000,0x00000007ab200000)
 ParOldGen       total 313344K, used 291036K [0x0000000700000000, 0x0000000713200000, 0x00000007aab00000)
  object space 313344K, 92% used [0x0000000700000000,0x0000000711c373d0,0x0000000713200000)
 Metaspace       used 90636K, committed 92352K, reserved 1179648K
  class space    used 9512K, committed 10304K, reserved 1048576K
GC Heap History (20 events):
Event: 1973.753 GC heap after
{Heap after GC invocations=379 (full 12):
 PSYoungGen      total 7680K, used 2224K [0x00000007aab00000, 0x00000007ab600000, 0x0000000800000000)
  eden space 5120K, 0% used [0x00000007aab00000,0x00000007aab00000,0x00000007ab000000)
  from space 2560K, 86% used [0x00000007ab380000,0x00000007ab5ac050,0x00000007ab600000)
  to   space 2560K, 0% used [0x00000007ab080000,0x00000007ab080000,0x00000007ab300000)
 ParOldGen       total 313344K, used 289269K [0x0000000700000000, 0x0000000713200000, 0x00000007aab00000)
  object space 313344K, 92% used [0x0000000700000000,0x0000000711a7d610,0x0000000713200000)
 Metaspace       used 90563K, committed 92288K, reserved 1179648K
  class space    used 9512K, committed 10304K, reserved 1048576K
}
Event: 1973.796 GC heap before
{Heap before GC invocations=380 (full 12):
 PSYoungGen      total 7680K, used 7344K [0x00000007aab00000, 0x00000007ab600000, 0x0000000800000000)
  eden space 5120K, 100% used [0x00000007aab00000,0x00000007ab000000,0x00000007ab000000)
  from space 2560K, 86% used [0x00000007ab380000,0x00000007ab5ac050,0x00000007ab600000)
  to   space 2560K, 0% used [0x00000007ab080000,0x00000007ab080000,0x00000007ab300000)
 ParOldGen       total 313344K, used 289269K [0x0000000700000000, 0x0000000713200000, 0x00000007aab00000)
  object space 313344K, 92% used [0x0000000700000000,0x0000000711a7d610,0x0000000713200000)
 Metaspace       used 90563K, committed 92288K, reserved 1179648K
  class space    used 9512K, committed 10304K, reserved 1048576K
}
Event: 1973.804 GC heap after
{Heap after GC invocations=380 (full 12):
 PSYoungGen      total 7680K, used 2144K [0x00000007aab00000, 0x00000007ab500000, 0x0000000800000000)
  eden space 5120K, 0% used [0x00000007aab00000,0x00000007aab00000,0x00000007ab000000)
  from space 2560K, 83% used [0x00000007ab080000,0x00000007ab298060,0x00000007ab300000)
  to   space 2048K, 0% used [0x00000007ab300000,0x00000007ab300000,0x00000007ab500000)
 ParOldGen       total 313344K, used 289269K [0x0000000700000000, 0x0000000713200000, 0x00000007aab00000)
  object space 313344K, 92% used [0x0000000700000000,0x0000000711a7d610,0x0000000713200000)
 Metaspace       used 90563K, committed 92288K, reserved 1179648K
  class space    used 9512K, committed 10304K, reserved 1048576K
}
Event: 1974.073 GC heap before
{Heap before GC invocations=381 (full 12):
 PSYoungGen      total 7680K, used 7264K [0x00000007aab00000, 0x00000007ab500000, 0x0000000800000000)
  eden space 5120K, 100% used [0x00000007aab00000,0x00000007ab000000,0x00000007ab000000)
  from space 2560K, 83% used [0x00000007ab080000,0x00000007ab298060,0x00000007ab300000)
  to   space 2048K, 0% used [0x00000007ab300000,0x00000007ab300000,0x00000007ab500000)
 ParOldGen       total 313344K, used 289269K [0x0000000700000000, 0x0000000713200000, 0x00000007aab00000)
  object space 313344K, 92% used [0x0000000700000000,0x0000000711a7d610,0x0000000713200000)
 Metaspace       used 90563K, committed 92288K, reserved 1179648K
  class space    used 9512K, committed 10304K, reserved 1048576K
}
Event: 1974.079 GC heap after
{Heap after GC invocations=381 (full 12):
 PSYoungGen      total 7168K, used 2032K [0x00000007aab00000, 0x00000007ab500000, 0x0000000800000000)
  eden space 5120K, 0% used [0x00000007aab00000,0x00000007aab00000,0x00000007ab000000)
  from space 2048K, 99% used [0x00000007ab300000,0x00000007ab4fc050,0x00000007ab500000)
  to   space 2560K, 0% used [0x00000007ab000000,0x00000007ab000000,0x00000007ab280000)
 ParOldGen       total 313344K, used 289269K [0x0000000700000000, 0x0000000713200000, 0x00000007aab00000)
  object space 313344K, 92% used [0x0000000700000000,0x0000000711a7d610,0x0000000713200000)
 Metaspace       used 90563K, committed 92288K, reserved 1179648K
  class space    used 9512K, committed 10304K, reserved 1048576K
}
Event: 1975.059 GC heap before
{Heap before GC invocations=382 (full 12):
 PSYoungGen      total 7168K, used 7144K [0x00000007aab00000, 0x00000007ab500000, 0x0000000800000000)
  eden space 5120K, 99% used [0x00000007aab00000,0x00000007aaffe058,0x00000007ab000000)
  from space 2048K, 99% used [0x00000007ab300000,0x00000007ab4fc050,0x00000007ab500000)
  to   space 2560K, 0% used [0x00000007ab000000,0x00000007ab000000,0x00000007ab280000)
 ParOldGen       total 313344K, used 289269K [0x0000000700000000, 0x0000000713200000, 0x00000007aab00000)
  object space 313344K, 92% used [0x0000000700000000,0x0000000711a7d610,0x0000000713200000)
 Metaspace       used 90571K, committed 92288K, reserved 1179648K
  class space    used 9512K, committed 10304K, reserved 1048576K
}
Event: 1975.065 GC heap after
{Heap after GC invocations=382 (full 12):
 PSYoungGen      total 6656K, used 1488K [0x00000007aab00000, 0x00000007ab400000, 0x0000000800000000)
  eden space 5120K, 0% used [0x00000007aab00000,0x00000007aab00000,0x00000007ab000000)
  from space 1536K, 96% used [0x00000007ab000000,0x00000007ab174050,0x00000007ab180000)
  to   space 2048K, 0% used [0x00000007ab200000,0x00000007ab200000,0x00000007ab400000)
 ParOldGen       total 313344K, used 289325K [0x0000000700000000, 0x0000000713200000, 0x00000007aab00000)
  object space 313344K, 92% used [0x0000000700000000,0x0000000711a8b610,0x0000000713200000)
 Metaspace       used 90571K, committed 92288K, reserved 1179648K
  class space    used 9512K, committed 10304K, reserved 1048576K
}
Event: 1995.642 GC heap before
{Heap before GC invocations=383 (full 12):
 PSYoungGen      total 6656K, used 6608K [0x00000007aab00000, 0x00000007ab400000, 0x0000000800000000)
  eden space 5120K, 100% used [0x00000007aab00000,0x00000007ab000000,0x00000007ab000000)
  from space 1536K, 96% used [0x00000007ab000000,0x00000007ab174050,0x00000007ab180000)
  to   space 2048K, 0% used [0x00000007ab200000,0x00000007ab200000,0x00000007ab400000)
 ParOldGen       total 313344K, used 289325K [0x0000000700000000, 0x0000000713200000, 0x00000007aab00000)
  object space 313344K, 92% used [0x0000000700000000,0x0000000711a8b610,0x0000000713200000)
 Metaspace       used 90607K, committed 92352K, reserved 1179648K
  class space    used 9512K, committed 10304K, reserved 1048576K
}
Event: 1995.649 GC heap after
{Heap after GC invocations=383 (full 12):
 PSYoungGen      total 6144K, used 2016K [0x00000007aab00000, 0x00000007ab600000, 0x0000000800000000)
  eden space 4096K, 0% used [0x00000007aab00000,0x00000007aab00000,0x00000007aaf00000)
  from space 2048K, 98% used [0x00000007ab200000,0x00000007ab3f8080,0x00000007ab400000)
  to   space 3072K, 0% used [0x00000007aaf00000,0x00000007aaf00000,0x00000007ab200000)
 ParOldGen       total 313344K, used 289749K [0x0000000700000000, 0x0000000713200000, 0x00000007aab00000)
  object space 313344K, 92% used [0x0000000700000000,0x0000000711af5610,0x0000000713200000)
 Metaspace       used 90607K, committed 92352K, reserved 1179648K
  class space    used 9512K, committed 10304K, reserved 1048576K
}
Event: 1995.687 GC heap before
{Heap before GC invocations=384 (full 12):
 PSYoungGen      total 6144K, used 6112K [0x00000007aab00000, 0x00000007ab600000, 0x0000000800000000)
  eden space 4096K, 100% used [0x00000007aab00000,0x00000007aaf00000,0x00000007aaf00000)
  from space 2048K, 98% used [0x00000007ab200000,0x00000007ab3f8080,0x00000007ab400000)
  to   space 3072K, 0% used [0x00000007aaf00000,0x00000007aaf00000,0x00000007ab200000)
 ParOldGen       total 313344K, used 289749K [0x0000000700000000, 0x0000000713200000, 0x00000007aab00000)
  object space 313344K, 92% used [0x0000000700000000,0x0000000711af5610,0x0000000713200000)
 Metaspace       used 90607K, committed 92352K, reserved 1179648K
  class space    used 9512K, committed 10304K, reserved 1048576K
}
Event: 1995.700 GC heap after
{Heap after GC invocations=384 (full 12):
 PSYoungGen      total 6656K, used 2448K [0x00000007aab00000, 0x00000007ab400000, 0x0000000800000000)
  eden space 4096K, 0% used [0x00000007aab00000,0x00000007aab00000,0x00000007aaf00000)
  from space 2560K, 95% used [0x00000007aaf00000,0x00000007ab164090,0x00000007ab180000)
  to   space 2560K, 0% used [0x00000007ab180000,0x00000007ab180000,0x00000007ab400000)
 ParOldGen       total 313344K, used 289781K [0x0000000700000000, 0x0000000713200000, 0x00000007aab00000)
  object space 313344K, 92% used [0x0000000700000000,0x0000000711afd610,0x0000000713200000)
 Metaspace       used 90607K, committed 92352K, reserved 1179648K
  class space    used 9512K, committed 10304K, reserved 1048576K
}
Event: 1995.737 GC heap before
{Heap before GC invocations=385 (full 12):
 PSYoungGen      total 6656K, used 6544K [0x00000007aab00000, 0x00000007ab400000, 0x0000000800000000)
  eden space 4096K, 99% used [0x00000007aab00000,0x00000007aaeffff0,0x00000007aaf00000)
  from space 2560K, 95% used [0x00000007aaf00000,0x00000007ab164090,0x00000007ab180000)
  to   space 2560K, 0% used [0x00000007ab180000,0x00000007ab180000,0x00000007ab400000)
 ParOldGen       total 313344K, used 289781K [0x0000000700000000, 0x0000000713200000, 0x00000007aab00000)
  object space 313344K, 92% used [0x0000000700000000,0x0000000711afd610,0x0000000713200000)
 Metaspace       used 90607K, committed 92352K, reserved 1179648K
  class space    used 9512K, committed 10304K, reserved 1048576K
}
Event: 1995.755 GC heap after
{Heap after GC invocations=385 (full 12):
 PSYoungGen      total 6144K, used 2528K [0x00000007aab00000, 0x00000007ab600000, 0x0000000800000000)
  eden space 3584K, 0% used [0x00000007aab00000,0x00000007aab00000,0x00000007aae80000)
  from space 2560K, 98% used [0x00000007ab180000,0x00000007ab3f8070,0x00000007ab400000)
  to   space 3072K, 0% used [0x00000007aae80000,0x00000007aae80000,0x00000007ab180000)
 ParOldGen       total 313344K, used 290125K [0x0000000700000000, 0x0000000713200000, 0x00000007aab00000)
  object space 313344K, 92% used [0x0000000700000000,0x0000000711b53630,0x0000000713200000)
 Metaspace       used 90607K, committed 92352K, reserved 1179648K
  class space    used 9512K, committed 10304K, reserved 1048576K
}
Event: 1995.767 GC heap before
{Heap before GC invocations=386 (full 12):
 PSYoungGen      total 6144K, used 6112K [0x00000007aab00000, 0x00000007ab600000, 0x0000000800000000)
  eden space 3584K, 100% used [0x00000007aab00000,0x00000007aae80000,0x00000007aae80000)
  from space 2560K, 98% used [0x00000007ab180000,0x00000007ab3f8070,0x00000007ab400000)
  to   space 3072K, 0% used [0x00000007aae80000,0x00000007aae80000,0x00000007ab180000)
 ParOldGen       total 313344K, used 290125K [0x0000000700000000, 0x0000000713200000, 0x00000007aab00000)
  object space 313344K, 92% used [0x0000000700000000,0x0000000711b53630,0x0000000713200000)
 Metaspace       used 90607K, committed 92352K, reserved 1179648K
  class space    used 9512K, committed 10304K, reserved 1048576K
}
Event: 1995.773 GC heap after
{Heap after GC invocations=386 (full 12):
 PSYoungGen      total 6656K, used 2928K [0x00000007aab00000, 0x00000007ab580000, 0x0000000800000000)
  eden space 3584K, 0% used [0x00000007aab00000,0x00000007aab00000,0x00000007aae80000)
  from space 3072K, 95% used [0x00000007aae80000,0x00000007ab15c080,0x00000007ab180000)
  to   space 3072K, 0% used [0x00000007ab280000,0x00000007ab280000,0x00000007ab580000)
 ParOldGen       total 313344K, used 290141K [0x0000000700000000, 0x0000000713200000, 0x00000007aab00000)
  object space 313344K, 92% used [0x0000000700000000,0x0000000711b57630,0x0000000713200000)
 Metaspace       used 90607K, committed 92352K, reserved 1179648K
  class space    used 9512K, committed 10304K, reserved 1048576K
}
Event: 1996.038 GC heap before
{Heap before GC invocations=387 (full 12):
 PSYoungGen      total 6656K, used 6512K [0x00000007aab00000, 0x00000007ab580000, 0x0000000800000000)
  eden space 3584K, 100% used [0x00000007aab00000,0x00000007aae80000,0x00000007aae80000)
  from space 3072K, 95% used [0x00000007aae80000,0x00000007ab15c080,0x00000007ab180000)
  to   space 3072K, 0% used [0x00000007ab280000,0x00000007ab280000,0x00000007ab580000)
 ParOldGen       total 313344K, used 290141K [0x0000000700000000, 0x0000000713200000, 0x00000007aab00000)
  object space 313344K, 92% used [0x0000000700000000,0x0000000711b57630,0x0000000713200000)
 Metaspace       used 90611K, committed 92352K, reserved 1179648K
  class space    used 9512K, committed 10304K, reserved 1048576K
}
Event: 1996.042 GC heap after
{Heap after GC invocations=387 (full 12):
 PSYoungGen      total 7168K, used 3056K [0x00000007aab00000, 0x00000007ab680000, 0x0000000800000000)
  eden space 4096K, 0% used [0x00000007aab00000,0x00000007aab00000,0x00000007aaf00000)
  from space 3072K, 99% used [0x00000007ab280000,0x00000007ab57c040,0x00000007ab580000)
  to   space 3584K, 0% used [0x00000007aaf00000,0x00000007aaf00000,0x00000007ab280000)
 ParOldGen       total 313344K, used 290373K [0x0000000700000000, 0x0000000713200000, 0x00000007aab00000)
  object space 313344K, 92% used [0x0000000700000000,0x0000000711b91650,0x0000000713200000)
 Metaspace       used 90611K, committed 92352K, reserved 1179648K
  class space    used 9512K, committed 10304K, reserved 1048576K
}
Event: 1996.843 GC heap before
{Heap before GC invocations=388 (full 12):
 PSYoungGen      total 7168K, used 7152K [0x00000007aab00000, 0x00000007ab680000, 0x0000000800000000)
  eden space 4096K, 100% used [0x00000007aab00000,0x00000007aaf00000,0x00000007aaf00000)
  from space 3072K, 99% used [0x00000007ab280000,0x00000007ab57c040,0x00000007ab580000)
  to   space 3584K, 0% used [0x00000007aaf00000,0x00000007aaf00000,0x00000007ab280000)
 ParOldGen       total 313344K, used 290373K [0x0000000700000000, 0x0000000713200000, 0x00000007aab00000)
  object space 313344K, 92% used [0x0000000700000000,0x0000000711b91650,0x0000000713200000)
 Metaspace       used 90622K, committed 92352K, reserved 1179648K
  class space    used 9512K, committed 10304K, reserved 1048576K
}
Event: 1996.854 GC heap after
{Heap after GC invocations=388 (full 12):
 PSYoungGen      total 7168K, used 2688K [0x00000007aab00000, 0x00000007ab500000, 0x0000000800000000)
  eden space 4096K, 0% used [0x00000007aab00000,0x00000007aab00000,0x00000007aaf00000)
  from space 3072K, 87% used [0x00000007aaf00000,0x00000007ab1a0050,0x00000007ab200000)
  to   space 3072K, 0% used [0x00000007ab200000,0x00000007ab200000,0x00000007ab500000)
 ParOldGen       total 313344K, used 291036K [0x0000000700000000, 0x0000000713200000, 0x00000007aab00000)
  object space 313344K, 92% used [0x0000000700000000,0x0000000711c373d0,0x0000000713200000)
 Metaspace       used 90622K, committed 92352K, reserved 1179648K
  class space    used 9512K, committed 10304K, reserved 1048576K
}
Event: 6196.810 GC heap before
{Heap before GC invocations=389 (full 12):
 PSYoungGen      total 7168K, used 6784K [0x00000007aab00000, 0x00000007ab500000, 0x0000000800000000)
  eden space 4096K, 100% used [0x00000007aab00000,0x00000007aaf00000,0x00000007aaf00000)
  from space 3072K, 87% used [0x00000007aaf00000,0x00000007ab1a0050,0x00000007ab200000)
  to   space 3072K, 0% used [0x00000007ab200000,0x00000007ab200000,0x00000007ab500000)
 ParOldGen       total 313344K, used 291036K [0x0000000700000000, 0x0000000713200000, 0x00000007aab00000)
  object space 313344K, 92% used [0x0000000700000000,0x0000000711c373d0,0x0000000713200000)
 Metaspace       used 90636K, committed 92352K, reserved 1179648K
  class space    used 9512K, committed 10304K, reserved 1048576K
}

